<?xml version="1.0" encoding="UTF-8"?>
<!-- Generated by org.testng.reporters.JUnitReportReporter -->
<testsuite skipped="0" hostname="BDC6-DX-6DZ7NK2" name="pom_withpagefactory.NewTest_witfactory" tests="1" failures="0" timestamp="2019-09-25T11:50:41 IST" time="17.214" errors="0">
  <testcase name="f" time="17.214" classname="pom_withpagefactory.NewTest_witfactory"/>
</testsuite> <!-- pom_withpagefactory.NewTest_witfactory -->
